<?xml version="1.0" encoding="UTF-8"?>
<testng-results skipped="0" failed="0" ignored="0" total="1" passed="1">
  <reporter-output>
  </reporter-output>
  <suite name="Suite" duration-ms="9552" started-at="2021-01-02T23:04:46Z" finished-at="2021-01-02T23:04:55Z">
    <groups>
    </groups>
    <test name="Test" duration-ms="9552" started-at="2021-01-02T23:04:46Z" finished-at="2021-01-02T23:04:55Z">
      <class name="com.dv.testcases.dvtest">
        <test-method status="PASS" signature="verifyTest()[pri:0, instance:com.dv.testcases.dvtest@b59d31]" name="verifyTest" duration-ms="9503" started-at="2021-01-02T23:04:46Z" finished-at="2021-01-02T23:04:55Z">
          <reporter-output>
          </reporter-output>
        </test-method> <!-- verifyTest -->
      </class> <!-- com.dv.testcases.dvtest -->
    </test> <!-- Test -->
  </suite> <!-- Suite -->
</testng-results>
